INFO:train_1d_cnn:Loading dataset from ../amc_project/data/GOLD_XYZ_OSC.0001_1024.hdf5
INFO:train_1d_cnn:Target modulations: ['BPSK', 'QPSK', '8PSK', '16QAM', '64QAM', 'OQPSK']
INFO:train_1d_cnn:Target SNRs: [6, 8, 10, 12, 14]
INFO:data_loader_1d:Loading HDF5 from ../amc_project/data/GOLD_XYZ_OSC.0001_1024.hdf5
INFO:data_loader_1d:Loaded: X=(2555904, 1024, 2), labels=24 unique, SNRs=[-20, -18, -16, -14, -12, -10, -8, -6, -4, -2, 0, 2, 4, 6, 8, 10, 12, 14, 16, 18, 20, 22, 24, 26, 28, 30]
INFO:data_loader_1d:Filtered to 122880 samples, 6 classes: ['16QAM', '64QAM', '8PSK', 'BPSK', 'OQPSK', 'QPSK']
INFO:data_loader_1d:Split sizes: train=86016, val=18432, test=18432
INFO:train_1d_cnn:Classes: ['16QAM', '64QAM', '8PSK', 'BPSK', 'OQPSK', 'QPSK']
INFO:train_1d_cnn:Model has 11766 parameters (budget: 50,000)
Model: "nano_amc_cnn"
_________________________________________________________________
 Layer (type)                Output Shape              Param #   
=================================================================
 input_1 (InputLayer)        [(None, 1024, 2)]         0         
 conv1d (Conv1D)             (None, 1024, 16)          240       
 batch_normalization (BatchN  (None, 1024, 16)         64        
 ormalization)                                                   
 max_pooling1d (MaxPooling1D  (None, 256, 16)          0         
 )                                                               
 conv1d_1 (Conv1D)           (None, 256, 32)           2592      
 batch_normalization_1 (Batc  (None, 256, 32)          128       
 hNormalization)                                                 
 max_pooling1d_1 (MaxPooling  (None, 64, 32)           0         
 1D)                                                             
 conv1d_2 (Conv1D)           (None, 64, 64)            6208      
 batch_normalization_2 (Batc  (None, 64, 64)           256       
 hNormalization)                                                 
 global_average_pooling1d (G  (None, 64)               0         
 lobalAveragePooling1D)                                          
 dense (Dense)               (None, 32)                2080      
 dense_1 (Dense)             (None, 6)                 198       
=================================================================
Total params: 11,766
Trainable params: 11,542
Non-trainable params: 224
_________________________________________________________________
INFO:train_1d_cnn:Starting training: epochs=30, lr=0.001000, patience=5
Epoch 1/30
Epoch 1: val_accuracy improved from -inf to 0.79557, saving model to results/model_1d_base.h5
Epoch 2/30
Epoch 2: val_accuracy improved from 0.79557 to 0.88596, saving model to results/model_1d_base.h5
Epoch 3/30
Epoch 3: val_accuracy improved from 0.88596 to 0.90386, saving model to results/model_1d_base.h5
Epoch 4/30
Epoch 4: val_accuracy improved from 0.90386 to 0.91086, saving model to results/model_1d_base.h5
Epoch 5/30
Epoch 5: val_accuracy improved from 0.91086 to 0.93989, saving model to results/model_1d_base.h5
Epoch 6/30
Epoch 6: val_accuracy did not improve from 0.93989
Epoch 7/30
Epoch 7: val_accuracy improved from 0.93989 to 0.95530, saving model to results/model_1d_base.h5
Epoch 8/30
Epoch 8: val_accuracy improved from 0.95530 to 0.95681, saving model to results/model_1d_base.h5
Epoch 9/30
Epoch 9: val_accuracy improved from 0.95681 to 0.95855, saving model to results/model_1d_base.h5
Epoch 10/30
Epoch 10: val_accuracy improved from 0.95855 to 0.96148, saving model to results/model_1d_base.h5
Epoch 11/30
Epoch 11: val_accuracy did not improve from 0.96148
Epoch 12/30
Epoch 12: val_accuracy did not improve from 0.96148
Epoch 13/30
Epoch 13: val_accuracy improved from 0.96148 to 0.96289, saving model to results/model_1d_base.h5
Epoch 14/30
Epoch 14: val_accuracy improved from 0.96289 to 0.96490, saving model to results/model_1d_base.h5
Epoch 15/30
Epoch 15: val_accuracy did not improve from 0.96490
Epoch 16/30
Epoch 16: val_accuracy improved from 0.96490 to 0.96571, saving model to results/model_1d_base.h5
Epoch 17/30
Epoch 17: val_accuracy did not improve from 0.96571
Epoch 18/30
Epoch 18: val_accuracy did not improve from 0.96571
Epoch 19/30
Epoch 19: val_accuracy improved from 0.96571 to 0.96631, saving model to results/model_1d_base.h5
Epoch 20/30
Epoch 20: val_accuracy did not improve from 0.96631
Epoch 21/30
Epoch 21: val_accuracy improved from 0.96631 to 0.96973, saving model to results/model_1d_base.h5
Epoch 22/30
Epoch 22: val_accuracy did not improve from 0.96973
Epoch 23/30
Epoch 23: val_accuracy did not improve from 0.96973
Epoch 24/30
Epoch 24: val_accuracy did not improve from 0.96973
Epoch 25/30
Epoch 25: val_accuracy did not improve from 0.96973
Epoch 26/30
Epoch 26: val_accuracy did not improve from 0.96973
Restoring model weights from the end of the best epoch: 21.
Epoch 26: early stopping
INFO:train_1d_cnn:Evaluating on test set...
INFO:train_1d_cnn:Test loss: 0.0747, Test accuracy: 0.9697
INFO:train_1d_cnn:Training complete. Model saved to results/model_1d_base.h5
]0;root@22bf00b811e0: /app/nano-amcroot@22bf00b811e0:/app/nano-amc# 